<?xml version="1.0" encoding="UTF-8"?>
<testsuite xmlns:xsi="http://www.w3.org/2001/XMLSchema-instance" xsi:noNamespaceSchemaLocation="https://maven.apache.org/surefire/maven-surefire-plugin/xsd/surefire-test-report-3.0.xsd" version="3.0" name="es.uab.tqs.mastermind.TestMasterMindModel" time="0.026" tests="3" errors="0" skipped="0" failures="0">
  <properties>
[...]
</properties>
  <testcase name="testNovaPartida" classname="es.uab.tqs.mastermind.TestMasterMindModel" time="0.005"/>
  <testcase name="testGetArrayCorrectes" classname="es.uab.tqs.mastermind.TestMasterMindModel" time="0.01"/>
  <testcase name="testFerJugada" classname="es.uab.tqs.mastermind.TestMasterMindModel" time="0.004"/>
</testsuite>